<?xml version="1.0" encoding="UTF-8"?>
<!-- Generated by org.testng.reporters.JUnitReportReporter -->
<testsuite skipped="0" hostname="LAPTOP-VT80RB39" name="com.logs.LoginTest" tests="2" failures="0" timestamp="16 Apr 2020 09:16:36 GMT" time="30.782" errors="0">
  <testcase name="FBTitleTest1" time="14.173" classname="com.logs.LoginTest"/>
  <testcase name="FBDisplayTest2" time="16.609" classname="com.logs.LoginTest"/>
</testsuite> <!-- com.logs.LoginTest -->
